<?xml version="1.0" encoding="UTF-8"?>
<robot generator="Robot 6.0.1 (Python 3.11.0 on win32)" generated="20221111 21:38:21.028" rpa="false" schemaversion="3">
<suite id="s1" name="Suites">
<suite id="s1-s1" name="LoginTest" source="C:\Users\Administrator\PycharmProjects\pythonProject\Testcases\LoginTest.robot">
<test id="s1-s1-t1" name="LoginTest" line="12">
<kw name="Open my Browser" library="LoginKeywords">
<arg>${SitUrl}</arg>
<arg>${Browser}</arg>
<kw name="Open Browser" library="SeleniumLibrary">
<arg>${SitUrl}</arg>
<arg>${Browser}</arg>
<doc>Opens a new browser instance to the optional ``url``.</doc>
<msg timestamp="20221111 21:38:21.495" level="INFO">Opening browser 'Chrome' to base url 'https://demo.guru99.com/test/newtours/index.php'.</msg>
<status status="PASS" starttime="20221111 21:38:21.495" endtime="20221111 21:38:45.250"/>
</kw>
<kw name="Maximize Browser Window" library="SeleniumLibrary">
<doc>Maximizes current browser window.</doc>
<status status="PASS" starttime="20221111 21:38:45.251" endtime="20221111 21:38:45.401"/>
</kw>
<status status="PASS" starttime="20221111 21:38:21.495" endtime="20221111 21:38:45.401"/>
</kw>
<kw name="Enter UserName" library="LoginKeywords">
<arg>${username}</arg>
<kw name="Input Text" library="SeleniumLibrary">
<arg>${txt_loginUserName}</arg>
<arg>${username}</arg>
<doc>Types the given ``text`` into the text field identified by ``locator``.</doc>
<msg timestamp="20221111 21:38:45.407" level="INFO">Typing text 'tutorial' into text field 'name:userName'.</msg>
<status status="PASS" starttime="20221111 21:38:45.407" endtime="20221111 21:38:45.790"/>
</kw>
<status status="PASS" starttime="20221111 21:38:45.401" endtime="20221111 21:38:45.790"/>
</kw>
<kw name="Enter Password" library="LoginKeywords">
<arg>${password}</arg>
<kw name="Input Text" library="SeleniumLibrary">
<arg>${txt_loginpassword}</arg>
<arg>${password}</arg>
<doc>Types the given ``text`` into the text field identified by ``locator``.</doc>
<msg timestamp="20221111 21:38:45.801" level="INFO">Typing text 'tutorial' into text field 'name:password'.</msg>
<status status="PASS" starttime="20221111 21:38:45.801" endtime="20221111 21:38:46.151"/>
</kw>
<status status="PASS" starttime="20221111 21:38:45.801" endtime="20221111 21:38:46.151"/>
</kw>
<kw name="Click SignIn" library="LoginKeywords">
<arg>${btn_signIn}</arg>
<msg timestamp="20221111 21:38:46.153" level="FAIL">Keyword 'LoginKeywords.Click SignIn' expected 0 arguments, got 1.</msg>
<status status="FAIL" starttime="20221111 21:38:46.152" endtime="20221111 21:38:46.153"/>
</kw>
<kw name="Verify Succesfull Login" library="LoginKeywords">
<status status="NOT RUN" starttime="20221111 21:38:46.154" endtime="20221111 21:38:46.154"/>
</kw>
<kw name="Close my browser" library="LoginKeywords">
<status status="NOT RUN" starttime="20221111 21:38:46.155" endtime="20221111 21:38:46.155"/>
</kw>
<status status="FAIL" starttime="20221111 21:38:21.495" endtime="20221111 21:38:46.156">Keyword 'LoginKeywords.Click SignIn' expected 0 arguments, got 1.</status>
</test>
<status status="FAIL" starttime="20221111 21:38:21.078" endtime="20221111 21:38:46.158"/>
</suite>
<status status="FAIL" starttime="20221111 21:38:21.048" endtime="20221111 21:38:46.160"/>
</suite>
<statistics>
<total>
<stat pass="0" fail="1" skip="0">All Tests</stat>
</total>
<tag>
</tag>
<suite>
<stat pass="0" fail="1" skip="0" id="s1" name="Suites">Suites</stat>
<stat pass="0" fail="1" skip="0" id="s1-s1" name="LoginTest">Suites.LoginTest</stat>
</suite>
</statistics>
<errors>
</errors>
</robot>
