<?xml version="1.0" encoding="UTF-8"?>
<robot generator="Robot 6.0.1 (Python 3.11.0 on win32)" generated="20221111 21:40:39.521" rpa="false" schemaversion="3">
<suite id="s1" name="Suites">
<suite id="s1-s1" name="SetupAndTeardown" source="C:\Users\Administrator\PycharmProjects\pythonProject\Testcases\SetupAndTeardown.robot">
<kw name="Log To Console" library="BuiltIn" type="SETUP">
<arg>open browser</arg>
<doc>Logs the given message to the console.</doc>
<status status="PASS" starttime="20221111 21:40:40.048" endtime="20221111 21:40:40.049"/>
</kw>
<test id="s1-s1-t1" name="TC1 Prepaid Recharge" line="14">
<kw name="Log To Console" library="BuiltIn" type="SETUP">
<arg>login to application</arg>
<doc>Logs the given message to the console.</doc>
<status status="PASS" starttime="20221111 21:40:40.050" endtime="20221111 21:40:40.051"/>
</kw>
<kw name="Log To Console" library="BuiltIn">
<arg>This pre paid recharge</arg>
<doc>Logs the given message to the console.</doc>
<status status="PASS" starttime="20221111 21:40:40.051" endtime="20221111 21:40:40.052"/>
</kw>
<kw name="Log To Console" library="BuiltIn" type="TEARDOWN">
<arg>logout to application</arg>
<doc>Logs the given message to the console.</doc>
<status status="PASS" starttime="20221111 21:40:40.052" endtime="20221111 21:40:40.053"/>
</kw>
<status status="PASS" starttime="20221111 21:40:40.050" endtime="20221111 21:40:40.053"/>
</test>
<test id="s1-s1-t2" name="TC2 Postpaid Recharge" line="16">
<kw name="Log To Console" library="BuiltIn" type="SETUP">
<arg>login to application</arg>
<doc>Logs the given message to the console.</doc>
<status status="PASS" starttime="20221111 21:40:40.055" endtime="20221111 21:40:40.056"/>
</kw>
<kw name="Log To Console" library="BuiltIn">
<arg>This postpaid recharge</arg>
<doc>Logs the given message to the console.</doc>
<status status="PASS" starttime="20221111 21:40:40.056" endtime="20221111 21:40:40.057"/>
</kw>
<kw name="Log To Console" library="BuiltIn" type="TEARDOWN">
<arg>logout to application</arg>
<doc>Logs the given message to the console.</doc>
<status status="PASS" starttime="20221111 21:40:40.057" endtime="20221111 21:40:40.058"/>
</kw>
<status status="PASS" starttime="20221111 21:40:40.054" endtime="20221111 21:40:40.058"/>
</test>
<test id="s1-s1-t3" name="TC3 search" line="18">
<kw name="Log To Console" library="BuiltIn" type="SETUP">
<arg>login to application</arg>
<doc>Logs the given message to the console.</doc>
<status status="PASS" starttime="20221111 21:40:40.059" endtime="20221111 21:40:40.060"/>
</kw>
<kw name="Log To Console" library="BuiltIn">
<arg>This is search case</arg>
<doc>Logs the given message to the console.</doc>
<status status="PASS" starttime="20221111 21:40:40.060" endtime="20221111 21:40:40.060"/>
</kw>
<kw name="Log To Console" library="BuiltIn" type="TEARDOWN">
<arg>logout to application</arg>
<doc>Logs the given message to the console.</doc>
<status status="PASS" starttime="20221111 21:40:40.061" endtime="20221111 21:40:40.061"/>
</kw>
<status status="PASS" starttime="20221111 21:40:40.058" endtime="20221111 21:40:40.061"/>
</test>
<test id="s1-s1-t4" name="TC4 Advanced seach" line="20">
<kw name="Log To Console" library="BuiltIn" type="SETUP">
<arg>login to application</arg>
<doc>Logs the given message to the console.</doc>
<status status="PASS" starttime="20221111 21:40:40.062" endtime="20221111 21:40:40.063"/>
</kw>
<kw name="Log To Console" library="BuiltIn">
<arg>This is the adv search case</arg>
<doc>Logs the given message to the console.</doc>
<status status="PASS" starttime="20221111 21:40:40.063" endtime="20221111 21:40:40.063"/>
</kw>
<kw name="Log To Console" library="BuiltIn" type="TEARDOWN">
<arg>logout to application</arg>
<doc>Logs the given message to the console.</doc>
<status status="PASS" starttime="20221111 21:40:40.064" endtime="20221111 21:40:40.064"/>
</kw>
<status status="PASS" starttime="20221111 21:40:40.062" endtime="20221111 21:40:40.064"/>
</test>
<kw name="Log To Console" library="BuiltIn" type="TEARDOWN">
<arg>close browser</arg>
<doc>Logs the given message to the console.</doc>
<status status="PASS" starttime="20221111 21:40:40.065" endtime="20221111 21:40:40.066"/>
</kw>
<status status="PASS" starttime="20221111 21:40:39.577" endtime="20221111 21:40:40.066"/>
</suite>
<status status="PASS" starttime="20221111 21:40:39.543" endtime="20221111 21:40:40.067"/>
</suite>
<statistics>
<total>
<stat pass="4" fail="0" skip="0">All Tests</stat>
</total>
<tag>
</tag>
<suite>
<stat pass="4" fail="0" skip="0" id="s1" name="Suites">Suites</stat>
<stat pass="4" fail="0" skip="0" id="s1-s1" name="SetupAndTeardown">Suites.SetupAndTeardown</stat>
</suite>
</statistics>
<errors>
</errors>
</robot>
