<?xml version="1.0" encoding="UTF-8"?>
<robot generator="Robot 6.0.1 (Python 3.11.0 on win32)" generated="20221111 21:35:32.091" rpa="false" schemaversion="3">
<suite id="s1" name="Suites">
<suite id="s1-s1" name="CloseAll" source="C:\Users\Administrator\PycharmProjects\pythonProject\Testcases\CloseAll.robot">
<test id="s1-s1-t1" name="MyTestCase" line="5">
<kw name="Open Browser" library="SeleniumLibrary">
<var>${a}</var>
<arg>https://www.google.com/</arg>
<arg>Chrome</arg>
<doc>Opens a new browser instance to the optional ``url``.</doc>
<msg timestamp="20221111 21:35:32.595" level="INFO">Opening browser 'Chrome' to base url 'https://www.google.com/'.</msg>
<msg timestamp="20221111 21:35:39.291" level="INFO">${a} = 1</msg>
<status status="PASS" starttime="20221111 21:35:32.595" endtime="20221111 21:35:39.291"/>
</kw>
<kw name="Open Browser" library="SeleniumLibrary">
<var>${b}</var>
<arg>https://www.google.com/</arg>
<arg>Chrome</arg>
<doc>Opens a new browser instance to the optional ``url``.</doc>
<msg timestamp="20221111 21:35:39.293" level="INFO">Opening browser 'Chrome' to base url 'https://www.google.com/'.</msg>
<msg timestamp="20221111 21:35:46.122" level="INFO">${b} = 2</msg>
<status status="PASS" starttime="20221111 21:35:39.292" endtime="20221111 21:35:46.123"/>
</kw>
<kw name="Switch Browser" library="SeleniumLibrary">
<arg>${a}</arg>
<doc>Switches between active browsers using ``index_or_alias``.</doc>
<status status="PASS" starttime="20221111 21:35:46.123" endtime="20221111 21:35:46.125"/>
</kw>
<kw name="Input Text" library="SeleniumLibrary">
<arg>name:q</arg>
<arg>python</arg>
<doc>Types the given ``text`` into the text field identified by ``locator``.</doc>
<msg timestamp="20221111 21:35:46.132" level="INFO">Typing text 'python' into text field 'name:q'.</msg>
<status status="PASS" starttime="20221111 21:35:46.126" endtime="20221111 21:35:46.404"/>
</kw>
<kw name="Sleep" library="BuiltIn">
<arg>3</arg>
<doc>Pauses the test executed for the given time.</doc>
<msg timestamp="20221111 21:35:49.406" level="INFO">Slept 3 seconds</msg>
<status status="PASS" starttime="20221111 21:35:46.404" endtime="20221111 21:35:49.406"/>
</kw>
<kw name="Switch Browser" library="SeleniumLibrary">
<arg>${b}</arg>
<doc>Switches between active browsers using ``index_or_alias``.</doc>
<status status="PASS" starttime="20221111 21:35:49.407" endtime="20221111 21:35:49.408"/>
</kw>
<kw name="Maximize Browser Window" library="SeleniumLibrary">
<doc>Maximizes current browser window.</doc>
<status status="PASS" starttime="20221111 21:35:49.408" endtime="20221111 21:35:49.706"/>
</kw>
<kw name="Input Text" library="SeleniumLibrary">
<arg>name:q</arg>
<arg>c++</arg>
<doc>Types the given ``text`` into the text field identified by ``locator``.</doc>
<msg timestamp="20221111 21:35:49.709" level="INFO">Typing text 'c++' into text field 'name:q'.</msg>
<status status="PASS" starttime="20221111 21:35:49.707" endtime="20221111 21:35:49.959"/>
</kw>
<status status="PASS" starttime="20221111 21:35:32.595" endtime="20221111 21:35:49.960"/>
</test>
<status status="PASS" starttime="20221111 21:35:32.137" endtime="20221111 21:35:49.963"/>
</suite>
<status status="PASS" starttime="20221111 21:35:32.107" endtime="20221111 21:35:49.970"/>
</suite>
<statistics>
<total>
<stat pass="1" fail="0" skip="0">All Tests</stat>
</total>
<tag>
</tag>
<suite>
<stat pass="1" fail="0" skip="0" id="s1" name="Suites">Suites</stat>
<stat pass="1" fail="0" skip="0" id="s1-s1" name="CloseAll">Suites.CloseAll</stat>
</suite>
</statistics>
<errors>
</errors>
</robot>
