<?xml version="1.0" encoding="UTF-8"?>
<robot generator="Robot 6.0.1 (Python 3.11.0 on win32)" generated="20221111 21:40:22.736" rpa="false" schemaversion="3">
<suite id="s1" name="Suites">
<suite id="s1-s1" name="Sample" source="C:\Users\Administrator\PycharmProjects\pythonProject\Testcases\sample.robot">
<test id="s1-s1-t1" name="search test" line="4">
<kw name="Open Browser" library="SeleniumLibrary">
<arg>https://www.google.com/</arg>
<arg>Chrome</arg>
<doc>Opens a new browser instance to the optional ``url``.</doc>
<msg timestamp="20221111 21:40:23.593" level="INFO">Opening browser 'Chrome' to base url 'https://www.google.com/'.</msg>
<status status="PASS" starttime="20221111 21:40:23.591" endtime="20221111 21:40:29.737"/>
</kw>
<kw name="Maximize Browser Window" library="SeleniumLibrary">
<doc>Maximizes current browser window.</doc>
<status status="PASS" starttime="20221111 21:40:29.738" endtime="20221111 21:40:30.034"/>
</kw>
<kw name="Set Selenium Implicit Wait" library="SeleniumLibrary">
<arg>3</arg>
<doc>Sets the implicit wait value used by Selenium.</doc>
<status status="PASS" starttime="20221111 21:40:30.035" endtime="20221111 21:40:30.039"/>
</kw>
<kw name="Input Text" library="SeleniumLibrary">
<arg>q</arg>
<arg>python</arg>
<doc>Types the given ``text`` into the text field identified by ``locator``.</doc>
<msg timestamp="20221111 21:40:30.042" level="INFO">Typing text 'python' into text field 'q'.</msg>
<status status="PASS" starttime="20221111 21:40:30.039" endtime="20221111 21:40:30.448"/>
</kw>
<status status="PASS" starttime="20221111 21:40:23.590" endtime="20221111 21:40:30.449"/>
</test>
<status status="PASS" starttime="20221111 21:40:22.925" endtime="20221111 21:40:30.451"/>
</suite>
<status status="PASS" starttime="20221111 21:40:22.820" endtime="20221111 21:40:30.454"/>
</suite>
<statistics>
<total>
<stat pass="1" fail="0" skip="0">All Tests</stat>
</total>
<tag>
</tag>
<suite>
<stat pass="1" fail="0" skip="0" id="s1" name="Suites">Suites</stat>
<stat pass="1" fail="0" skip="0" id="s1-s1" name="Sample">Suites.Sample</stat>
</suite>
</statistics>
<errors>
</errors>
</robot>
