<?xml version="1.0" encoding="UTF-8"?>
<robot generator="Robot 6.0.1 (Python 3.11.0 on win32)" generated="20221111 21:39:20.467" rpa="false" schemaversion="3">
<suite id="s1" name="Suites">
<suite id="s1-s1" name="Radiobutton" source="C:\Users\Administrator\PycharmProjects\pythonProject\Testcases\Radiobutton.robot">
<test id="s1-s1-t1" name="TestingRadioButtonsAndCheckBoxes" line="10">
<kw name="Open Browser" library="SeleniumLibrary">
<arg>${url}</arg>
<arg>${browser}</arg>
<doc>Opens a new browser instance to the optional ``url``.</doc>
<msg timestamp="20221111 21:39:21.033" level="INFO">Opening browser 'Chrome' to base url 'https://www.techlistic.com/p/selenium-practice-form.html'.</msg>
<status status="PASS" starttime="20221111 21:39:21.023" endtime="20221111 21:39:54.521"/>
</kw>
<kw name="Maximize Browser Window" library="SeleniumLibrary">
<doc>Maximizes current browser window.</doc>
<status status="PASS" starttime="20221111 21:39:54.522" endtime="20221111 21:39:54.829"/>
</kw>
<kw name="Select Radio Button" library="SeleniumLibrary">
<arg>sex</arg>
<arg>Male</arg>
<doc>Sets the radio button group ``group_name`` to ``value``.</doc>
<msg timestamp="20221111 21:39:54.832" level="INFO">Selecting 'Male' from radio button 'sex'.</msg>
<status status="PASS" starttime="20221111 21:39:54.830" endtime="20221111 21:39:55.112"/>
</kw>
<kw name="Sleep" library="BuiltIn">
<arg>5</arg>
<doc>Pauses the test executed for the given time.</doc>
<msg timestamp="20221111 21:40:00.114" level="INFO">Slept 5 seconds</msg>
<status status="PASS" starttime="20221111 21:39:55.113" endtime="20221111 21:40:00.114"/>
</kw>
<kw name="Select Radio Button" library="SeleniumLibrary">
<arg>exp</arg>
<arg>4</arg>
<doc>Sets the radio button group ``group_name`` to ``value``.</doc>
<msg timestamp="20221111 21:40:00.115" level="INFO">Selecting '4' from radio button 'exp'.</msg>
<status status="PASS" starttime="20221111 21:40:00.114" endtime="20221111 21:40:00.242"/>
</kw>
<kw name="Sleep" library="BuiltIn">
<arg>5</arg>
<doc>Pauses the test executed for the given time.</doc>
<msg timestamp="20221111 21:40:05.245" level="INFO">Slept 5 seconds</msg>
<status status="PASS" starttime="20221111 21:40:00.244" endtime="20221111 21:40:05.245"/>
</kw>
<kw name="Select Checkbox" library="SeleniumLibrary">
<arg>id:profession-0</arg>
<doc>Selects the checkbox identified by ``locator``.</doc>
<msg timestamp="20221111 21:40:05.248" level="INFO">Selecting checkbox 'id:profession-0'.</msg>
<status status="PASS" starttime="20221111 21:40:05.246" endtime="20221111 21:40:06.726"/>
</kw>
<kw name="Select Checkbox" library="SeleniumLibrary">
<arg>id:profession-1</arg>
<doc>Selects the checkbox identified by ``locator``.</doc>
<msg timestamp="20221111 21:40:06.728" level="INFO">Selecting checkbox 'id:profession-1'.</msg>
<status status="PASS" starttime="20221111 21:40:06.726" endtime="20221111 21:40:06.971"/>
</kw>
<kw name="Input Text" library="SeleniumLibrary">
<arg>firstname</arg>
<arg>Balakrishna</arg>
<doc>Types the given ``text`` into the text field identified by ``locator``.</doc>
<msg timestamp="20221111 21:40:06.974" level="INFO">Typing text 'Balakrishna' into text field 'firstname'.</msg>
<status status="PASS" starttime="20221111 21:40:06.972" endtime="20221111 21:40:07.286"/>
</kw>
<kw name="Input Text" library="SeleniumLibrary">
<arg>lastname</arg>
<arg>Bandari</arg>
<doc>Types the given ``text`` into the text field identified by ``locator``.</doc>
<msg timestamp="20221111 21:40:07.289" level="INFO">Typing text 'Bandari' into text field 'lastname'.</msg>
<status status="PASS" starttime="20221111 21:40:07.287" endtime="20221111 21:40:07.722"/>
</kw>
<kw name="Input Text" library="SeleniumLibrary">
<arg>id:datepicker</arg>
<arg>10/04/1996</arg>
<doc>Types the given ``text`` into the text field identified by ``locator``.</doc>
<msg timestamp="20221111 21:40:07.724" level="INFO">Typing text '10/04/1996' into text field 'id:datepicker'.</msg>
<status status="PASS" starttime="20221111 21:40:07.722" endtime="20221111 21:40:08.206"/>
</kw>
<kw name="Select Checkbox" library="SeleniumLibrary">
<arg>tool-2</arg>
<doc>Selects the checkbox identified by ``locator``.</doc>
<msg timestamp="20221111 21:40:08.208" level="INFO">Selecting checkbox 'tool-2'.</msg>
<status status="PASS" starttime="20221111 21:40:08.206" endtime="20221111 21:40:08.420"/>
</kw>
<kw name="Sleep" library="BuiltIn">
<arg>5</arg>
<doc>Pauses the test executed for the given time.</doc>
<msg timestamp="20221111 21:40:13.422" level="INFO">Slept 5 seconds</msg>
<status status="PASS" starttime="20221111 21:40:08.420" endtime="20221111 21:40:13.422"/>
</kw>
<kw name="Clear Element Text" library="SeleniumLibrary">
<arg>id:datepicker</arg>
<doc>Clears the value of the text-input-element identified by ``locator``.</doc>
<status status="PASS" starttime="20221111 21:40:13.423" endtime="20221111 21:40:13.501"/>
</kw>
<kw name="Clear Element Text" library="SeleniumLibrary">
<arg>lastname</arg>
<doc>Clears the value of the text-input-element identified by ``locator``.</doc>
<status status="PASS" starttime="20221111 21:40:13.502" endtime="20221111 21:40:13.583"/>
</kw>
<kw name="Clear Element Text" library="SeleniumLibrary">
<arg>firstname</arg>
<doc>Clears the value of the text-input-element identified by ``locator``.</doc>
<status status="PASS" starttime="20221111 21:40:13.583" endtime="20221111 21:40:13.642"/>
</kw>
<kw name="Unselect Checkbox" library="SeleniumLibrary">
<arg>tool-2</arg>
<doc>Removes the selection of checkbox identified by ``locator``.</doc>
<msg timestamp="20221111 21:40:13.644" level="INFO">Unselecting checkbox 'tool-2'.</msg>
<status status="PASS" starttime="20221111 21:40:13.643" endtime="20221111 21:40:13.732"/>
</kw>
<kw name="Unselect Checkbox" library="SeleniumLibrary">
<arg>id:profession-0</arg>
<doc>Removes the selection of checkbox identified by ``locator``.</doc>
<msg timestamp="20221111 21:40:13.735" level="INFO">Unselecting checkbox 'id:profession-0'.</msg>
<status status="PASS" starttime="20221111 21:40:13.733" endtime="20221111 21:40:13.898"/>
</kw>
<kw name="Unselect Checkbox" library="SeleniumLibrary">
<arg>id:profession-1</arg>
<doc>Removes the selection of checkbox identified by ``locator``.</doc>
<msg timestamp="20221111 21:40:13.899" level="INFO">Unselecting checkbox 'id:profession-1'.</msg>
<status status="PASS" starttime="20221111 21:40:13.898" endtime="20221111 21:40:13.996"/>
</kw>
<kw name="Close Browser" library="SeleniumLibrary">
<doc>Closes the current browser.</doc>
<status status="PASS" starttime="20221111 21:40:13.997" endtime="20221111 21:40:16.450"/>
</kw>
<status status="PASS" starttime="20221111 21:39:21.023" endtime="20221111 21:40:16.451"/>
</test>
<status status="PASS" starttime="20221111 21:39:20.523" endtime="20221111 21:40:16.452"/>
</suite>
<status status="PASS" starttime="20221111 21:39:20.490" endtime="20221111 21:40:16.455"/>
</suite>
<statistics>
<total>
<stat pass="1" fail="0" skip="0">All Tests</stat>
</total>
<tag>
</tag>
<suite>
<stat pass="1" fail="0" skip="0" id="s1" name="Suites">Suites</stat>
<stat pass="1" fail="0" skip="0" id="s1-s1" name="Radiobutton">Suites.Radiobutton</stat>
</suite>
</statistics>
<errors>
</errors>
</robot>
