<?xml version="1.0" encoding="UTF-8"?>
<robot generator="Robot 6.0.1 (Python 3.11.0 on win32)" generated="20221111 21:35:53.480" rpa="false" schemaversion="3">
<suite id="s1" name="Suites">
<suite id="s1-s1" name="DDT1" source="C:\Users\Administrator\PycharmProjects\pythonProject\Testcases\DDT1.robot">
<kw name="Open my Browser" library="Login_resources" type="SETUP">
<kw name="Open Browser" library="SeleniumLibrary">
<arg>${LOGIN URL}</arg>
<arg>${BROWSER}</arg>
<doc>Opens a new browser instance to the optional ``url``.</doc>
<msg timestamp="20221111 21:35:54.158" level="INFO">Opening browser 'Chrome' to base url 'https://admin-demo.nopcommerce.com/'.</msg>
<status status="PASS" starttime="20221111 21:35:54.158" endtime="20221111 21:36:01.554"/>
</kw>
<kw name="Maximize Browser Window" library="SeleniumLibrary">
<doc>Maximizes current browser window.</doc>
<status status="PASS" starttime="20221111 21:36:01.555" endtime="20221111 21:36:01.712"/>
</kw>
<status status="PASS" starttime="20221111 21:35:54.158" endtime="20221111 21:36:01.713"/>
</kw>
<test id="s1-s1-t1" name="Right user empty pwd" line="12">
<kw name="Invalid login">
<arg>admin@yourstore.com</arg>
<arg>${EMPTY}</arg>
<kw name="Input username" library="Login_resources">
<arg>${username}</arg>
<kw name="Input Text" library="SeleniumLibrary">
<arg>id:Email</arg>
<arg>${username}</arg>
<doc>Types the given ``text`` into the text field identified by ``locator``.</doc>
<msg timestamp="20221111 21:36:01.725" level="INFO">Typing text 'admin@yourstore.com' into text field 'id:Email'.</msg>
<status status="PASS" starttime="20221111 21:36:01.723" endtime="20221111 21:36:01.985"/>
</kw>
<status status="PASS" starttime="20221111 21:36:01.721" endtime="20221111 21:36:01.986"/>
</kw>
<kw name="Input pwd" library="Login_resources">
<arg>${password}</arg>
<kw name="Input Text" library="SeleniumLibrary">
<arg>id:Password</arg>
<arg>${password}</arg>
<doc>Types the given ``text`` into the text field identified by ``locator``.</doc>
<msg timestamp="20221111 21:36:01.988" level="INFO">Typing text '' into text field 'id:Password'.</msg>
<status status="PASS" starttime="20221111 21:36:01.987" endtime="20221111 21:36:02.164"/>
</kw>
<status status="PASS" starttime="20221111 21:36:01.986" endtime="20221111 21:36:02.165"/>
</kw>
<kw name="Click login button" library="Login_resources">
<kw name="Click Button" library="SeleniumLibrary">
<arg>//button[text()="Log in"]</arg>
<doc>Clicks the button identified by ``locator``.</doc>
<msg timestamp="20221111 21:36:02.167" level="INFO">Clicking button '//button[text()="Log in"]'.</msg>
<status status="PASS" starttime="20221111 21:36:02.166" endtime="20221111 21:36:02.858"/>
</kw>
<status status="PASS" starttime="20221111 21:36:02.165" endtime="20221111 21:36:02.859"/>
</kw>
<kw name="Error msg should be visible" library="Login_resources">
<kw name="Page Should Contain" library="SeleniumLibrary">
<arg>Login was unsuccessful</arg>
<doc>Verifies that current page contains ``text``.</doc>
<msg timestamp="20221111 21:36:02.893" level="INFO">Current page contains text 'Login was unsuccessful'.</msg>
<status status="PASS" starttime="20221111 21:36:02.863" endtime="20221111 21:36:02.893"/>
</kw>
<status status="PASS" starttime="20221111 21:36:02.860" endtime="20221111 21:36:02.894"/>
</kw>
<status status="PASS" starttime="20221111 21:36:01.717" endtime="20221111 21:36:02.895"/>
</kw>
<status status="PASS" starttime="20221111 21:36:01.714" endtime="20221111 21:36:02.895"/>
</test>
<test id="s1-s1-t2" name="Right user wrong pwd" line="13">
<kw name="Invalid login">
<arg>admin@yourstore.com</arg>
<arg>xyz</arg>
<kw name="Input username" library="Login_resources">
<arg>${username}</arg>
<kw name="Input Text" library="SeleniumLibrary">
<arg>id:Email</arg>
<arg>${username}</arg>
<doc>Types the given ``text`` into the text field identified by ``locator``.</doc>
<msg timestamp="20221111 21:36:02.904" level="INFO">Typing text 'admin@yourstore.com' into text field 'id:Email'.</msg>
<status status="PASS" starttime="20221111 21:36:02.903" endtime="20221111 21:36:03.153"/>
</kw>
<status status="PASS" starttime="20221111 21:36:02.902" endtime="20221111 21:36:03.154"/>
</kw>
<kw name="Input pwd" library="Login_resources">
<arg>${password}</arg>
<kw name="Input Text" library="SeleniumLibrary">
<arg>id:Password</arg>
<arg>${password}</arg>
<doc>Types the given ``text`` into the text field identified by ``locator``.</doc>
<msg timestamp="20221111 21:36:03.158" level="INFO">Typing text 'xyz' into text field 'id:Password'.</msg>
<status status="PASS" starttime="20221111 21:36:03.156" endtime="20221111 21:36:03.332"/>
</kw>
<status status="PASS" starttime="20221111 21:36:03.155" endtime="20221111 21:36:03.332"/>
</kw>
<kw name="Click login button" library="Login_resources">
<kw name="Click Button" library="SeleniumLibrary">
<arg>//button[text()="Log in"]</arg>
<doc>Clicks the button identified by ``locator``.</doc>
<msg timestamp="20221111 21:36:03.336" level="INFO">Clicking button '//button[text()="Log in"]'.</msg>
<status status="PASS" starttime="20221111 21:36:03.334" endtime="20221111 21:36:03.940"/>
</kw>
<status status="PASS" starttime="20221111 21:36:03.333" endtime="20221111 21:36:03.941"/>
</kw>
<kw name="Error msg should be visible" library="Login_resources">
<kw name="Page Should Contain" library="SeleniumLibrary">
<arg>Login was unsuccessful</arg>
<doc>Verifies that current page contains ``text``.</doc>
<msg timestamp="20221111 21:36:03.973" level="INFO">Current page contains text 'Login was unsuccessful'.</msg>
<status status="PASS" starttime="20221111 21:36:03.944" endtime="20221111 21:36:03.973"/>
</kw>
<status status="PASS" starttime="20221111 21:36:03.941" endtime="20221111 21:36:03.973"/>
</kw>
<status status="PASS" starttime="20221111 21:36:02.901" endtime="20221111 21:36:03.974"/>
</kw>
<status status="PASS" starttime="20221111 21:36:02.898" endtime="20221111 21:36:03.974"/>
</test>
<test id="s1-s1-t3" name="Wrong user right pwd" line="14">
<kw name="Invalid login">
<arg>admin@yourstore1.com</arg>
<arg>admin</arg>
<kw name="Input username" library="Login_resources">
<arg>${username}</arg>
<kw name="Input Text" library="SeleniumLibrary">
<arg>id:Email</arg>
<arg>${username}</arg>
<doc>Types the given ``text`` into the text field identified by ``locator``.</doc>
<msg timestamp="20221111 21:36:03.984" level="INFO">Typing text 'admin@yourstore1.com' into text field 'id:Email'.</msg>
<status status="PASS" starttime="20221111 21:36:03.982" endtime="20221111 21:36:04.233"/>
</kw>
<status status="PASS" starttime="20221111 21:36:03.978" endtime="20221111 21:36:04.234"/>
</kw>
<kw name="Input pwd" library="Login_resources">
<arg>${password}</arg>
<kw name="Input Text" library="SeleniumLibrary">
<arg>id:Password</arg>
<arg>${password}</arg>
<doc>Types the given ``text`` into the text field identified by ``locator``.</doc>
<msg timestamp="20221111 21:36:04.236" level="INFO">Typing text 'admin' into text field 'id:Password'.</msg>
<status status="PASS" starttime="20221111 21:36:04.235" endtime="20221111 21:36:04.429"/>
</kw>
<status status="PASS" starttime="20221111 21:36:04.234" endtime="20221111 21:36:04.429"/>
</kw>
<kw name="Click login button" library="Login_resources">
<kw name="Click Button" library="SeleniumLibrary">
<arg>//button[text()="Log in"]</arg>
<doc>Clicks the button identified by ``locator``.</doc>
<msg timestamp="20221111 21:36:04.432" level="INFO">Clicking button '//button[text()="Log in"]'.</msg>
<status status="PASS" starttime="20221111 21:36:04.431" endtime="20221111 21:36:05.081"/>
</kw>
<status status="PASS" starttime="20221111 21:36:04.430" endtime="20221111 21:36:05.082"/>
</kw>
<kw name="Error msg should be visible" library="Login_resources">
<kw name="Page Should Contain" library="SeleniumLibrary">
<arg>Login was unsuccessful</arg>
<doc>Verifies that current page contains ``text``.</doc>
<msg timestamp="20221111 21:36:05.123" level="INFO">Current page contains text 'Login was unsuccessful'.</msg>
<status status="PASS" starttime="20221111 21:36:05.087" endtime="20221111 21:36:05.124"/>
</kw>
<status status="PASS" starttime="20221111 21:36:05.083" endtime="20221111 21:36:05.124"/>
</kw>
<status status="PASS" starttime="20221111 21:36:03.977" endtime="20221111 21:36:05.125"/>
</kw>
<status status="PASS" starttime="20221111 21:36:03.975" endtime="20221111 21:36:05.125"/>
</test>
<test id="s1-s1-t4" name="Wrong user empty pwd" line="15">
<kw name="Invalid login">
<arg>admin@yourstore1.com</arg>
<arg>${EMPTY}</arg>
<kw name="Input username" library="Login_resources">
<arg>${username}</arg>
<kw name="Input Text" library="SeleniumLibrary">
<arg>id:Email</arg>
<arg>${username}</arg>
<doc>Types the given ``text`` into the text field identified by ``locator``.</doc>
<msg timestamp="20221111 21:36:05.137" level="INFO">Typing text 'admin@yourstore1.com' into text field 'id:Email'.</msg>
<status status="PASS" starttime="20221111 21:36:05.135" endtime="20221111 21:36:05.416"/>
</kw>
<status status="PASS" starttime="20221111 21:36:05.133" endtime="20221111 21:36:05.416"/>
</kw>
<kw name="Input pwd" library="Login_resources">
<arg>${password}</arg>
<kw name="Input Text" library="SeleniumLibrary">
<arg>id:Password</arg>
<arg>${password}</arg>
<doc>Types the given ``text`` into the text field identified by ``locator``.</doc>
<msg timestamp="20221111 21:36:05.419" level="INFO">Typing text '' into text field 'id:Password'.</msg>
<status status="PASS" starttime="20221111 21:36:05.417" endtime="20221111 21:36:05.536"/>
</kw>
<status status="PASS" starttime="20221111 21:36:05.417" endtime="20221111 21:36:05.536"/>
</kw>
<kw name="Click login button" library="Login_resources">
<kw name="Click Button" library="SeleniumLibrary">
<arg>//button[text()="Log in"]</arg>
<doc>Clicks the button identified by ``locator``.</doc>
<msg timestamp="20221111 21:36:05.538" level="INFO">Clicking button '//button[text()="Log in"]'.</msg>
<status status="PASS" starttime="20221111 21:36:05.537" endtime="20221111 21:36:06.225"/>
</kw>
<status status="PASS" starttime="20221111 21:36:05.537" endtime="20221111 21:36:06.227"/>
</kw>
<kw name="Error msg should be visible" library="Login_resources">
<kw name="Page Should Contain" library="SeleniumLibrary">
<arg>Login was unsuccessful</arg>
<doc>Verifies that current page contains ``text``.</doc>
<msg timestamp="20221111 21:36:06.251" level="INFO">Current page contains text 'Login was unsuccessful'.</msg>
<status status="PASS" starttime="20221111 21:36:06.230" endtime="20221111 21:36:06.251"/>
</kw>
<status status="PASS" starttime="20221111 21:36:06.228" endtime="20221111 21:36:06.251"/>
</kw>
<status status="PASS" starttime="20221111 21:36:05.128" endtime="20221111 21:36:06.252"/>
</kw>
<status status="PASS" starttime="20221111 21:36:05.126" endtime="20221111 21:36:06.252"/>
</test>
<test id="s1-s1-t5" name="Wrong user wrong pwd" line="16">
<kw name="Invalid login">
<arg>admin@yourstore1.com</arg>
<arg>admin12</arg>
<kw name="Input username" library="Login_resources">
<arg>${username}</arg>
<kw name="Input Text" library="SeleniumLibrary">
<arg>id:Email</arg>
<arg>${username}</arg>
<doc>Types the given ``text`` into the text field identified by ``locator``.</doc>
<msg timestamp="20221111 21:36:06.255" level="INFO">Typing text 'admin@yourstore1.com' into text field 'id:Email'.</msg>
<status status="PASS" starttime="20221111 21:36:06.254" endtime="20221111 21:36:06.426"/>
</kw>
<status status="PASS" starttime="20221111 21:36:06.254" endtime="20221111 21:36:06.426"/>
</kw>
<kw name="Input pwd" library="Login_resources">
<arg>${password}</arg>
<kw name="Input Text" library="SeleniumLibrary">
<arg>id:Password</arg>
<arg>${password}</arg>
<doc>Types the given ``text`` into the text field identified by ``locator``.</doc>
<msg timestamp="20221111 21:36:06.430" level="INFO">Typing text 'admin12' into text field 'id:Password'.</msg>
<status status="PASS" starttime="20221111 21:36:06.428" endtime="20221111 21:36:06.575"/>
</kw>
<status status="PASS" starttime="20221111 21:36:06.427" endtime="20221111 21:36:06.576"/>
</kw>
<kw name="Click login button" library="Login_resources">
<kw name="Click Button" library="SeleniumLibrary">
<arg>//button[text()="Log in"]</arg>
<doc>Clicks the button identified by ``locator``.</doc>
<msg timestamp="20221111 21:36:06.578" level="INFO">Clicking button '//button[text()="Log in"]'.</msg>
<status status="PASS" starttime="20221111 21:36:06.577" endtime="20221111 21:36:07.086"/>
</kw>
<status status="PASS" starttime="20221111 21:36:06.576" endtime="20221111 21:36:07.086"/>
</kw>
<kw name="Error msg should be visible" library="Login_resources">
<kw name="Page Should Contain" library="SeleniumLibrary">
<arg>Login was unsuccessful</arg>
<doc>Verifies that current page contains ``text``.</doc>
<msg timestamp="20221111 21:36:07.108" level="INFO">Current page contains text 'Login was unsuccessful'.</msg>
<status status="PASS" starttime="20221111 21:36:07.087" endtime="20221111 21:36:07.108"/>
</kw>
<status status="PASS" starttime="20221111 21:36:07.086" endtime="20221111 21:36:07.110"/>
</kw>
<status status="PASS" starttime="20221111 21:36:06.253" endtime="20221111 21:36:07.111"/>
</kw>
<status status="PASS" starttime="20221111 21:36:06.253" endtime="20221111 21:36:07.112"/>
</test>
<kw name="Close Browsers" library="Login_resources" type="TEARDOWN">
<kw name="Close All Browsers" library="SeleniumLibrary">
<doc>Closes all open browsers and resets the browser cache.</doc>
<status status="PASS" starttime="20221111 21:36:07.115" endtime="20221111 21:36:13.334"/>
</kw>
<status status="PASS" starttime="20221111 21:36:07.114" endtime="20221111 21:36:13.334"/>
</kw>
<status status="PASS" starttime="20221111 21:35:53.556" endtime="20221111 21:36:13.334"/>
</suite>
<status status="PASS" starttime="20221111 21:35:53.509" endtime="20221111 21:36:13.334"/>
</suite>
<statistics>
<total>
<stat pass="5" fail="0" skip="0">All Tests</stat>
</total>
<tag>
</tag>
<suite>
<stat pass="5" fail="0" skip="0" id="s1" name="Suites">Suites</stat>
<stat pass="5" fail="0" skip="0" id="s1-s1" name="DDT1">Suites.DDT1</stat>
</suite>
</statistics>
<errors>
</errors>
</robot>
