<?xml version="1.0" encoding="UTF-8"?>
<robot generator="Robot 6.0.1 (Python 3.11.0 on win32)" generated="20221111 21:42:11.848" rpa="false" schemaversion="3">
<suite id="s1" name="Suites">
<suite id="s1-s1" name="TableDemo" source="C:\Users\Administrator\PycharmProjects\pythonProject\Testcases\TableDemo.robot">
<test id="s1-s1-t1" name="TableValidataions" line="5">
<kw name="Open Browser" library="SeleniumLibrary">
<arg>https://testautomationpractice.blogspot.com/</arg>
<arg>Chrome</arg>
<doc>Opens a new browser instance to the optional ``url``.</doc>
<msg timestamp="20221111 21:42:12.361" level="INFO">Opening browser 'Chrome' to base url 'https://testautomationpractice.blogspot.com/'.</msg>
<status status="PASS" starttime="20221111 21:42:12.359" endtime="20221111 21:42:23.291"/>
</kw>
<kw name="Maximize Browser Window" library="SeleniumLibrary">
<doc>Maximizes current browser window.</doc>
<status status="PASS" starttime="20221111 21:42:23.293" endtime="20221111 21:42:23.421"/>
</kw>
<kw name="Get Element Count" library="SeleniumLibrary">
<var>${rows}</var>
<arg>//table[@name= "BookTable"]/tbody/tr</arg>
<doc>Returns the number of elements matching ``locator``.</doc>
<msg timestamp="20221111 21:42:23.441" level="INFO">${rows} = 7</msg>
<status status="PASS" starttime="20221111 21:42:23.421" endtime="20221111 21:42:23.441"/>
</kw>
<kw name="Get Element Count" library="SeleniumLibrary">
<var>${cols}</var>
<arg>//table[@name= "BookTable"]/tbody/tr[1]/th</arg>
<doc>Returns the number of elements matching ``locator``.</doc>
<msg timestamp="20221111 21:42:23.461" level="INFO">${cols} = 4</msg>
<status status="PASS" starttime="20221111 21:42:23.441" endtime="20221111 21:42:23.461"/>
</kw>
<kw name="Log To Console" library="BuiltIn">
<arg>${rows}</arg>
<doc>Logs the given message to the console.</doc>
<status status="PASS" starttime="20221111 21:42:23.461" endtime="20221111 21:42:23.461"/>
</kw>
<kw name="Log To Console" library="BuiltIn">
<arg>${cols}</arg>
<doc>Logs the given message to the console.</doc>
<status status="PASS" starttime="20221111 21:42:23.461" endtime="20221111 21:42:23.461"/>
</kw>
<kw name="Sleep" library="BuiltIn">
<arg>3</arg>
<doc>Pauses the test executed for the given time.</doc>
<msg timestamp="20221111 21:42:26.461" level="INFO">Slept 3 seconds</msg>
<status status="PASS" starttime="20221111 21:42:23.461" endtime="20221111 21:42:26.461"/>
</kw>
<kw name="Execute Javascript" library="SeleniumLibrary">
<arg>window.scrollTo(0, document.body.scrollHeight)</arg>
<doc>Executes the given JavaScript code with possible arguments.</doc>
<msg timestamp="20221111 21:42:26.461" level="INFO">Executing JavaScript:
window.scrollTo(0, document.body.scrollHeight)
Without any arguments.</msg>
<status status="PASS" starttime="20221111 21:42:26.461" endtime="20221111 21:42:26.501"/>
</kw>
<kw name="Sleep" library="BuiltIn">
<arg>3</arg>
<doc>Pauses the test executed for the given time.</doc>
<msg timestamp="20221111 21:42:29.502" level="INFO">Slept 3 seconds</msg>
<status status="PASS" starttime="20221111 21:42:26.502" endtime="20221111 21:42:29.502"/>
</kw>
<kw name="Execute Javascript" library="SeleniumLibrary">
<arg>window.scrollTo(0, -document.body.scrollHeight)</arg>
<doc>Executes the given JavaScript code with possible arguments.</doc>
<msg timestamp="20221111 21:42:29.502" level="INFO">Executing JavaScript:
window.scrollTo(0, -document.body.scrollHeight)
Without any arguments.</msg>
<status status="PASS" starttime="20221111 21:42:29.502" endtime="20221111 21:42:29.527"/>
</kw>
<kw name="Get Text" library="SeleniumLibrary">
<var>${data}</var>
<arg>//table[@name= "BookTable"]/tbody/tr[5]/td[1]</arg>
<doc>Returns the text value of the element identified by ``locator``.</doc>
<msg timestamp="20221111 21:42:29.582" level="INFO">${data} = Master In Selenium</msg>
<status status="PASS" starttime="20221111 21:42:29.528" endtime="20221111 21:42:29.582"/>
</kw>
<kw name="Log To Console" library="BuiltIn">
<arg>${data}</arg>
<doc>Logs the given message to the console.</doc>
<status status="PASS" starttime="20221111 21:42:29.582" endtime="20221111 21:42:29.582"/>
</kw>
<kw name="Table Column Should Contain" library="SeleniumLibrary">
<arg>//table[@name= "BookTable"]</arg>
<arg>3</arg>
<arg>Subject</arg>
<doc>Verifies table column contains text ``expected``.</doc>
<status status="PASS" starttime="20221111 21:42:29.582" endtime="20221111 21:42:29.673"/>
</kw>
<kw name="Table Row Should Contain" library="SeleniumLibrary">
<arg>//table[@name= "BookTable"]</arg>
<arg>4</arg>
<arg>Learn JS</arg>
<doc>Verifies that table row contains text ``expected``.</doc>
<status status="PASS" starttime="20221111 21:42:29.673" endtime="20221111 21:42:29.776"/>
</kw>
<kw name="Table Cell Should Contain" library="SeleniumLibrary">
<arg>//table[@name= "BookTable"]</arg>
<arg>5</arg>
<arg>2</arg>
<arg>Mukesh</arg>
<doc>Verifies table cell contains text ``expected``.</doc>
<msg timestamp="20221111 21:42:29.894" level="INFO">Table cell contains 'Mukesh'.</msg>
<status status="PASS" starttime="20221111 21:42:29.776" endtime="20221111 21:42:29.894"/>
</kw>
<kw name="Table Header Should Contain" library="SeleniumLibrary">
<arg>//table[@name= "BookTable"]</arg>
<arg>BookName</arg>
<doc>Verifies table header contains text ``expected``.</doc>
<status status="PASS" starttime="20221111 21:42:29.894" endtime="20221111 21:42:29.985"/>
</kw>
<kw name="Close Browser" library="SeleniumLibrary">
<doc>Closes the current browser.</doc>
<status status="PASS" starttime="20221111 21:42:29.985" endtime="20221111 21:42:32.321"/>
</kw>
<status status="PASS" starttime="20221111 21:42:12.358" endtime="20221111 21:42:32.322"/>
</test>
<status status="PASS" starttime="20221111 21:42:11.904" endtime="20221111 21:42:32.328"/>
</suite>
<status status="PASS" starttime="20221111 21:42:11.870" endtime="20221111 21:42:32.332"/>
</suite>
<statistics>
<total>
<stat pass="1" fail="0" skip="0">All Tests</stat>
</total>
<tag>
</tag>
<suite>
<stat pass="1" fail="0" skip="0" id="s1" name="Suites">Suites</stat>
<stat pass="1" fail="0" skip="0" id="s1-s1" name="TableDemo">Suites.TableDemo</stat>
</suite>
</statistics>
<errors>
</errors>
</robot>
