<?xml version="1.0" encoding="UTF-8"?>
<robot generator="Robot 6.0.1 (Python 3.11.0 on win32)" generated="20221111 21:42:28.166" rpa="false" schemaversion="3">
<suite id="s1" name="Suites">
<suite id="s1-s1" name="Tagged" source="C:\Users\Administrator\PycharmProjects\pythonProject\Testcases\Tagged.robot">
<test id="s1-s1-t1" name="TC1 UserRegistrationTest" line="5">
<kw name="Log To Console" library="BuiltIn">
<arg>This is user Reg test</arg>
<doc>Logs the given message to the console.</doc>
<status status="PASS" starttime="20221111 21:42:28.259" endtime="20221111 21:42:28.259"/>
</kw>
<kw name="Log To Console" library="BuiltIn">
<arg>user reg is over</arg>
<doc>Logs the given message to the console.</doc>
<status status="PASS" starttime="20221111 21:42:28.259" endtime="20221111 21:42:28.259"/>
</kw>
<tag>Regression</tag>
<status status="PASS" starttime="20221111 21:42:28.259" endtime="20221111 21:42:28.259"/>
</test>
<test id="s1-s1-t2" name="TC2 LoginTest" line="9">
<kw name="Log To Console" library="BuiltIn">
<arg>This login test</arg>
<doc>Logs the given message to the console.</doc>
<status status="PASS" starttime="20221111 21:42:28.269" endtime="20221111 21:42:28.269"/>
</kw>
<kw name="Log To Console" library="BuiltIn">
<arg>login test over</arg>
<doc>Logs the given message to the console.</doc>
<status status="PASS" starttime="20221111 21:42:28.269" endtime="20221111 21:42:28.269"/>
</kw>
<tag>sanity</tag>
<status status="PASS" starttime="20221111 21:42:28.259" endtime="20221111 21:42:28.269"/>
</test>
<test id="s1-s1-t3" name="TC3 Change User Setting" line="13">
<kw name="Log To Console" library="BuiltIn">
<arg>this is change user setting test</arg>
<doc>Logs the given message to the console.</doc>
<status status="PASS" starttime="20221111 21:42:28.269" endtime="20221111 21:42:28.269"/>
</kw>
<kw name="Log To Console" library="BuiltIn">
<arg>This is</arg>
<arg>change user setting test over</arg>
<doc>Logs the given message to the console.</doc>
<status status="PASS" starttime="20221111 21:42:28.269" endtime="20221111 21:42:28.269"/>
</kw>
<tag>Regression</tag>
<status status="PASS" starttime="20221111 21:42:28.269" endtime="20221111 21:42:28.269"/>
</test>
<test id="s1-s1-t4" name="TC4 LogOut" line="17">
<kw name="Log To Console" library="BuiltIn">
<arg>this is logout test</arg>
<doc>Logs the given message to the console.</doc>
<status status="PASS" starttime="20221111 21:42:28.269" endtime="20221111 21:42:28.269"/>
</kw>
<kw name="Log To Console" library="BuiltIn">
<arg>this is logout test over</arg>
<doc>Logs the given message to the console.</doc>
<status status="PASS" starttime="20221111 21:42:28.269" endtime="20221111 21:42:28.279"/>
</kw>
<tag>sanity</tag>
<status status="PASS" starttime="20221111 21:42:28.269" endtime="20221111 21:42:28.279"/>
</test>
<status status="PASS" starttime="20221111 21:42:28.249" endtime="20221111 21:42:28.279"/>
</suite>
<status status="PASS" starttime="20221111 21:42:28.197" endtime="20221111 21:42:28.279"/>
</suite>
<statistics>
<total>
<stat pass="4" fail="0" skip="0">All Tests</stat>
</total>
<tag>
<stat pass="2" fail="0" skip="0">Regression</stat>
<stat pass="2" fail="0" skip="0">sanity</stat>
</tag>
<suite>
<stat pass="4" fail="0" skip="0" id="s1" name="Suites">Suites</stat>
<stat pass="4" fail="0" skip="0" id="s1-s1" name="Tagged">Suites.Tagged</stat>
</suite>
</statistics>
<errors>
</errors>
</robot>
