<?xml version="1.0" encoding="UTF-8"?>
<robot generator="Robot 6.0.1 (Python 3.11.0 on win32)" generated="20221111 21:40:32.408" rpa="false" schemaversion="3">
<suite id="s1" name="Suites">
<suite id="s1-s1" name="ScrollingPage" source="C:\Users\Administrator\PycharmProjects\pythonProject\Testcases\ScrollingPage.robot">
<test id="s1-s1-t1" name="ScrollingTest" line="7">
<kw name="Open Browser" library="SeleniumLibrary">
<arg>${url}</arg>
<arg>Chrome</arg>
<doc>Opens a new browser instance to the optional ``url``.</doc>
<msg timestamp="20221111 21:40:32.837" level="INFO">Opening browser 'Chrome' to base url 'https://www.countries-ofthe-world.com/flags-of-the-world.html'.</msg>
<status status="PASS" starttime="20221111 21:40:32.837" endtime="20221111 21:41:12.926"/>
</kw>
<kw name="Maximize Browser Window" library="SeleniumLibrary">
<doc>Maximizes current browser window.</doc>
<status status="PASS" starttime="20221111 21:41:12.927" endtime="20221111 21:41:13.063"/>
</kw>
<kw name="Sleep" library="BuiltIn">
<arg>3</arg>
<doc>Pauses the test executed for the given time.</doc>
<msg timestamp="20221111 21:41:16.065" level="INFO">Slept 3 seconds</msg>
<status status="PASS" starttime="20221111 21:41:13.064" endtime="20221111 21:41:16.065"/>
</kw>
<kw name="Execute Javascript" library="SeleniumLibrary">
<arg>window.scrollTo(0,1500)</arg>
<doc>Executes the given JavaScript code with possible arguments.</doc>
<msg timestamp="20221111 21:41:16.067" level="INFO">Executing JavaScript:
window.scrollTo(0,1500)
Without any arguments.</msg>
<status status="PASS" starttime="20221111 21:41:16.065" endtime="20221111 21:41:16.091"/>
</kw>
<kw name="Sleep" library="BuiltIn">
<arg>3</arg>
<doc>Pauses the test executed for the given time.</doc>
<msg timestamp="20221111 21:41:19.094" level="INFO">Slept 3 seconds</msg>
<status status="PASS" starttime="20221111 21:41:16.092" endtime="20221111 21:41:19.094"/>
</kw>
<kw name="Scroll Element Into View" library="SeleniumLibrary">
<arg>//tr//td[text()="India"]</arg>
<doc>Scrolls the element identified by ``locator`` into view.</doc>
<status status="PASS" starttime="20221111 21:41:19.094" endtime="20221111 21:41:19.411"/>
</kw>
<kw name="Sleep" library="BuiltIn">
<arg>3</arg>
<doc>Pauses the test executed for the given time.</doc>
<msg timestamp="20221111 21:41:22.412" level="INFO">Slept 3 seconds</msg>
<status status="PASS" starttime="20221111 21:41:19.411" endtime="20221111 21:41:22.412"/>
</kw>
<kw name="Execute Javascript" library="SeleniumLibrary">
<arg>window.scrollTo(0, document.body.scrollHeight)</arg>
<doc>Executes the given JavaScript code with possible arguments.</doc>
<msg timestamp="20221111 21:41:22.412" level="INFO">Executing JavaScript:
window.scrollTo(0, document.body.scrollHeight)
Without any arguments.</msg>
<status status="PASS" starttime="20221111 21:41:22.412" endtime="20221111 21:41:22.424"/>
</kw>
<kw name="Sleep" library="BuiltIn">
<arg>3</arg>
<doc>Pauses the test executed for the given time.</doc>
<msg timestamp="20221111 21:41:25.427" level="INFO">Slept 3 seconds</msg>
<status status="PASS" starttime="20221111 21:41:22.425" endtime="20221111 21:41:25.427"/>
</kw>
<kw name="Execute Javascript" library="SeleniumLibrary">
<arg>window.scrollTo(0, -document.body.scrollHeight)</arg>
<doc>Executes the given JavaScript code with possible arguments.</doc>
<msg timestamp="20221111 21:41:25.428" level="INFO">Executing JavaScript:
window.scrollTo(0, -document.body.scrollHeight)
Without any arguments.</msg>
<status status="PASS" starttime="20221111 21:41:25.427" endtime="20221111 21:41:25.442"/>
</kw>
<kw name="Sleep" library="BuiltIn">
<arg>4</arg>
<doc>Pauses the test executed for the given time.</doc>
<msg timestamp="20221111 21:41:29.444" level="INFO">Slept 4 seconds</msg>
<status status="PASS" starttime="20221111 21:41:25.443" endtime="20221111 21:41:29.444"/>
</kw>
<kw name="Close Browser" library="SeleniumLibrary">
<doc>Closes the current browser.</doc>
<status status="PASS" starttime="20221111 21:41:29.444" endtime="20221111 21:41:31.725"/>
</kw>
<status status="PASS" starttime="20221111 21:40:32.837" endtime="20221111 21:41:31.725"/>
</test>
<status status="PASS" starttime="20221111 21:40:32.452" endtime="20221111 21:41:31.725"/>
</suite>
<status status="PASS" starttime="20221111 21:40:32.421" endtime="20221111 21:41:31.725"/>
</suite>
<statistics>
<total>
<stat pass="1" fail="0" skip="0">All Tests</stat>
</total>
<tag>
</tag>
<suite>
<stat pass="1" fail="0" skip="0" id="s1" name="Suites">Suites</stat>
<stat pass="1" fail="0" skip="0" id="s1-s1" name="ScrollingPage">Suites.ScrollingPage</stat>
</suite>
</statistics>
<errors>
</errors>
</robot>
