<?xml version="1.0" encoding="UTF-8"?>
<robot generator="Robot 6.0.1 (Python 3.11.0 on win32)" generated="20221111 21:38:49.630" rpa="false" schemaversion="3">
<suite id="s1" name="Suites">
<suite id="s1-s1" name="NavigationalCommand" source="C:\Users\Administrator\PycharmProjects\pythonProject\Testcases\NavigationalCommand.robot">
<test id="s1-s1-t1" name="NavigationTest" line="6">
<kw name="Open Browser" library="SeleniumLibrary">
<arg>https://www.google.com/</arg>
<arg>Chrome</arg>
<doc>Opens a new browser instance to the optional ``url``.</doc>
<msg timestamp="20221111 21:38:50.179" level="INFO">Opening browser 'Chrome' to base url 'https://www.google.com/'.</msg>
<status status="PASS" starttime="20221111 21:38:50.178" endtime="20221111 21:39:00.864"/>
</kw>
<kw name="Get Location" library="SeleniumLibrary">
<var>${loc}</var>
<doc>Returns the current browser window URL.</doc>
<msg timestamp="20221111 21:39:00.875" level="INFO">${loc} = https://www.google.com/</msg>
<status status="PASS" starttime="20221111 21:39:00.865" endtime="20221111 21:39:00.876"/>
</kw>
<kw name="Log To Console" library="BuiltIn">
<arg>${loc}</arg>
<doc>Logs the given message to the console.</doc>
<status status="PASS" starttime="20221111 21:39:00.876" endtime="20221111 21:39:00.877"/>
</kw>
<kw name="Sleep" library="BuiltIn">
<arg>3</arg>
<doc>Pauses the test executed for the given time.</doc>
<msg timestamp="20221111 21:39:03.877" level="INFO">Slept 3 seconds</msg>
<status status="PASS" starttime="20221111 21:39:00.877" endtime="20221111 21:39:03.877"/>
</kw>
<kw name="Go To" library="SeleniumLibrary">
<arg>https://www.bing.com/</arg>
<doc>Navigates the current browser window to the provided ``url``.</doc>
<msg timestamp="20221111 21:39:03.878" level="INFO">Opening url 'https://www.bing.com/'</msg>
<status status="PASS" starttime="20221111 21:39:03.877" endtime="20221111 21:39:06.073"/>
</kw>
<kw name="Get Location" library="SeleniumLibrary">
<var>${loc}</var>
<doc>Returns the current browser window URL.</doc>
<msg timestamp="20221111 21:39:06.084" level="INFO">${loc} = https://www.bing.com/</msg>
<status status="PASS" starttime="20221111 21:39:06.074" endtime="20221111 21:39:06.084"/>
</kw>
<kw name="Log To Console" library="BuiltIn">
<arg>${loc}</arg>
<doc>Logs the given message to the console.</doc>
<status status="PASS" starttime="20221111 21:39:06.084" endtime="20221111 21:39:06.085"/>
</kw>
<kw name="Sleep" library="BuiltIn">
<arg>3</arg>
<doc>Pauses the test executed for the given time.</doc>
<msg timestamp="20221111 21:39:09.086" level="INFO">Slept 3 seconds</msg>
<status status="PASS" starttime="20221111 21:39:06.085" endtime="20221111 21:39:09.086"/>
</kw>
<kw name="Go Back" library="SeleniumLibrary">
<doc>Simulates the user clicking the back button on their browser.</doc>
<status status="PASS" starttime="20221111 21:39:09.087" endtime="20221111 21:39:09.474"/>
</kw>
<kw name="Get Location" library="SeleniumLibrary">
<var>${loc}</var>
<doc>Returns the current browser window URL.</doc>
<msg timestamp="20221111 21:39:09.492" level="INFO">${loc} = https://www.google.com/</msg>
<status status="PASS" starttime="20221111 21:39:09.475" endtime="20221111 21:39:09.492"/>
</kw>
<kw name="Log To Console" library="BuiltIn">
<arg>${loc}</arg>
<doc>Logs the given message to the console.</doc>
<status status="PASS" starttime="20221111 21:39:09.493" endtime="20221111 21:39:09.494"/>
</kw>
<kw name="Sleep" library="BuiltIn">
<arg>3</arg>
<doc>Pauses the test executed for the given time.</doc>
<msg timestamp="20221111 21:39:12.496" level="INFO">Slept 3 seconds</msg>
<status status="PASS" starttime="20221111 21:39:09.495" endtime="20221111 21:39:12.496"/>
</kw>
<kw name="Close Browser" library="SeleniumLibrary">
<doc>Closes the current browser.</doc>
<status status="PASS" starttime="20221111 21:39:12.497" endtime="20221111 21:39:14.818"/>
</kw>
<status status="PASS" starttime="20221111 21:38:50.177" endtime="20221111 21:39:14.818"/>
</test>
<status status="PASS" starttime="20221111 21:38:49.701" endtime="20221111 21:39:14.820"/>
</suite>
<status status="PASS" starttime="20221111 21:38:49.650" endtime="20221111 21:39:14.822"/>
</suite>
<statistics>
<total>
<stat pass="1" fail="0" skip="0">All Tests</stat>
</total>
<tag>
</tag>
<suite>
<stat pass="1" fail="0" skip="0" id="s1" name="Suites">Suites</stat>
<stat pass="1" fail="0" skip="0" id="s1-s1" name="NavigationalCommand">Suites.NavigationalCommand</stat>
</suite>
</statistics>
<errors>
</errors>
</robot>
