<?xml version="1.0" encoding="UTF-8"?>
<robot generator="Robot 6.0.1 (Python 3.11.0 on win32)" generated="20221111 21:37:15.291" rpa="false" schemaversion="3">
<suite id="s1" name="Suites">
<suite id="s1-s1" name="Frames" source="C:\Users\Administrator\PycharmProjects\pythonProject\Testcases\Frames.robot">
<test id="s1-s1-t1" name="Testing Frames" line="5">
<kw name="Open Browser" library="SeleniumLibrary">
<arg>https://www.selenium.dev/selenium/docs/api/java/index.html?help-doc.html</arg>
<arg>Chrome</arg>
<doc>Opens a new browser instance to the optional ``url``.</doc>
<msg timestamp="20221111 21:37:15.940" level="INFO">Opening browser 'Chrome' to base url 'https://www.selenium.dev/selenium/docs/api/java/index.html?help-doc.html'.</msg>
<status status="PASS" starttime="20221111 21:37:15.939" endtime="20221111 21:37:31.126"/>
</kw>
<kw name="Select Frame" library="SeleniumLibrary">
<arg>packageListFrame</arg>
<doc>Sets frame identified by ``locator`` as the current frame.</doc>
<msg timestamp="20221111 21:37:31.128" level="INFO">Selecting frame 'packageListFrame'.</msg>
<status status="PASS" starttime="20221111 21:37:31.127" endtime="20221111 21:37:31.178"/>
</kw>
<kw name="Click Link" library="SeleniumLibrary">
<arg>org.openqa.selenium</arg>
<doc>Clicks a link identified by ``locator``.</doc>
<msg timestamp="20221111 21:37:31.179" level="INFO">Clicking link 'org.openqa.selenium'.</msg>
<status status="PASS" starttime="20221111 21:37:31.178" endtime="20221111 21:37:31.329"/>
</kw>
<kw name="Unselect Frame" library="SeleniumLibrary">
<doc>Sets the main frame as the current frame.</doc>
<status status="PASS" starttime="20221111 21:37:31.329" endtime="20221111 21:37:31.333"/>
</kw>
<kw name="Sleep" library="BuiltIn">
<arg>3</arg>
<doc>Pauses the test executed for the given time.</doc>
<msg timestamp="20221111 21:37:34.335" level="INFO">Slept 3 seconds</msg>
<status status="PASS" starttime="20221111 21:37:31.333" endtime="20221111 21:37:34.335"/>
</kw>
<kw name="Select Frame" library="SeleniumLibrary">
<arg>packageFrame</arg>
<doc>Sets frame identified by ``locator`` as the current frame.</doc>
<msg timestamp="20221111 21:37:34.338" level="INFO">Selecting frame 'packageFrame'.</msg>
<status status="PASS" starttime="20221111 21:37:34.336" endtime="20221111 21:37:34.519"/>
</kw>
<kw name="Click Link" library="SeleniumLibrary">
<arg>WebDriver</arg>
<doc>Clicks a link identified by ``locator``.</doc>
<msg timestamp="20221111 21:37:34.522" level="INFO">Clicking link 'WebDriver'.</msg>
<status status="PASS" starttime="20221111 21:37:34.520" endtime="20221111 21:37:35.029"/>
</kw>
<kw name="Unselect Frame" library="SeleniumLibrary">
<doc>Sets the main frame as the current frame.</doc>
<status status="PASS" starttime="20221111 21:37:35.029" endtime="20221111 21:37:35.034"/>
</kw>
<kw name="Sleep" library="BuiltIn">
<arg>3</arg>
<doc>Pauses the test executed for the given time.</doc>
<msg timestamp="20221111 21:37:38.036" level="INFO">Slept 3 seconds</msg>
<status status="PASS" starttime="20221111 21:37:35.035" endtime="20221111 21:37:38.036"/>
</kw>
<kw name="Select Frame" library="SeleniumLibrary">
<arg>classFrame</arg>
<doc>Sets frame identified by ``locator`` as the current frame.</doc>
<msg timestamp="20221111 21:37:38.039" level="INFO">Selecting frame 'classFrame'.</msg>
<status status="PASS" starttime="20221111 21:37:38.037" endtime="20221111 21:37:38.097"/>
</kw>
<kw name="Click Link" library="SeleniumLibrary">
<arg>Help</arg>
<doc>Clicks a link identified by ``locator``.</doc>
<msg timestamp="20221111 21:37:38.099" level="INFO">Clicking link 'Help'.</msg>
<status status="PASS" starttime="20221111 21:37:38.098" endtime="20221111 21:37:38.685"/>
</kw>
<kw name="Unselect Frame" library="SeleniumLibrary">
<doc>Sets the main frame as the current frame.</doc>
<status status="PASS" starttime="20221111 21:37:38.686" endtime="20221111 21:37:38.694"/>
</kw>
<kw name="Sleep" library="BuiltIn">
<arg>3</arg>
<doc>Pauses the test executed for the given time.</doc>
<msg timestamp="20221111 21:37:41.695" level="INFO">Slept 3 seconds</msg>
<status status="PASS" starttime="20221111 21:37:38.694" endtime="20221111 21:37:41.695"/>
</kw>
<kw name="Close Browser" library="SeleniumLibrary">
<doc>Closes the current browser.</doc>
<status status="PASS" starttime="20221111 21:37:41.695" endtime="20221111 21:37:44.019"/>
</kw>
<status status="PASS" starttime="20221111 21:37:15.937" endtime="20221111 21:37:44.020"/>
</test>
<status status="PASS" starttime="20221111 21:37:15.345" endtime="20221111 21:37:44.022"/>
</suite>
<status status="PASS" starttime="20221111 21:37:15.312" endtime="20221111 21:37:44.026"/>
</suite>
<statistics>
<total>
<stat pass="1" fail="0" skip="0">All Tests</stat>
</total>
<tag>
</tag>
<suite>
<stat pass="1" fail="0" skip="0" id="s1" name="Suites">Suites</stat>
<stat pass="1" fail="0" skip="0" id="s1-s1" name="Frames">Suites.Frames</stat>
</suite>
</statistics>
<errors>
</errors>
</robot>
