<?xml version="1.0" encoding="UTF-8"?>
<robot generator="Robot 6.0.1 (Python 3.11.0 on win32)" generated="20221111 21:38:08.931" rpa="false" schemaversion="3">
<suite id="s1" name="Suites">
<suite id="s1-s1" name="Inputbox" source="C:\Users\Administrator\PycharmProjects\pythonProject\Testcases\inputbox.robot">
<test id="s1-s1-t1" name="TestingInputBox" line="9">
<kw name="Open Browser" library="SeleniumLibrary">
<arg>${url}</arg>
<arg>${browser}</arg>
<doc>Opens a new browser instance to the optional ``url``.</doc>
<msg timestamp="20221111 21:38:09.564" level="INFO">Opening browser 'Chrome' to base url 'https://demo.nopcommerce.com/'.</msg>
<status status="PASS" starttime="20221111 21:38:09.562" endtime="20221111 21:38:14.014"/>
</kw>
<kw name="Maximize Browser Window" library="SeleniumLibrary">
<doc>Maximizes current browser window.</doc>
<status status="PASS" starttime="20221111 21:38:14.015" endtime="20221111 21:38:14.177"/>
</kw>
<kw name="Sleep" library="BuiltIn">
<arg>5</arg>
<doc>Pauses the test executed for the given time.</doc>
<msg timestamp="20221111 21:38:19.181" level="INFO">Slept 5 seconds</msg>
<status status="PASS" starttime="20221111 21:38:14.178" endtime="20221111 21:38:19.181"/>
</kw>
<kw name="Title Should Be" library="SeleniumLibrary">
<arg>nopCommerce demo store</arg>
<doc>Verifies that the current page title equals ``title``.</doc>
<msg timestamp="20221111 21:38:19.193" level="INFO">Page title is 'nopCommerce demo store'.</msg>
<status status="PASS" starttime="20221111 21:38:19.181" endtime="20221111 21:38:19.193"/>
</kw>
<kw name="Click Link" library="SeleniumLibrary">
<arg>//a[text()="Log in"]</arg>
<doc>Clicks a link identified by ``locator``.</doc>
<msg timestamp="20221111 21:38:19.195" level="INFO">Clicking link '//a[text()="Log in"]'.</msg>
<status status="PASS" starttime="20221111 21:38:19.194" endtime="20221111 21:38:20.596"/>
</kw>
<kw name="Set Variable" library="BuiltIn">
<var>${"email_txt"}</var>
<arg>id:Email</arg>
<doc>Returns the given values which can then be assigned to a variables.</doc>
<msg timestamp="20221111 21:38:20.597" level="INFO">${"email_txt"} = id:Email</msg>
<status status="PASS" starttime="20221111 21:38:20.596" endtime="20221111 21:38:20.597"/>
</kw>
<kw name="Element Should Be Visible" library="SeleniumLibrary">
<arg>${"email_txt"}</arg>
<doc>Verifies that the element identified by ``locator`` is visible.</doc>
<msg timestamp="20221111 21:38:20.638" level="INFO">Element 'id:Email' is displayed.</msg>
<status status="PASS" starttime="20221111 21:38:20.598" endtime="20221111 21:38:20.638"/>
</kw>
<kw name="Input Text" library="SeleniumLibrary">
<arg>${"email_txt"}</arg>
<arg>krishnabandari@gmail.com</arg>
<doc>Types the given ``text`` into the text field identified by ``locator``.</doc>
<msg timestamp="20221111 21:38:20.638" level="INFO">Typing text 'krishnabandari@gmail.com' into text field 'id:Email'.</msg>
<status status="PASS" starttime="20221111 21:38:20.638" endtime="20221111 21:38:20.869"/>
</kw>
<kw name="Sleep" library="BuiltIn">
<arg>5</arg>
<doc>Pauses the test executed for the given time.</doc>
<msg timestamp="20221111 21:38:25.871" level="INFO">Slept 5 seconds</msg>
<status status="PASS" starttime="20221111 21:38:20.869" endtime="20221111 21:38:25.871"/>
</kw>
<kw name="Clear Element Text" library="SeleniumLibrary">
<arg>${"email_txt"}</arg>
<doc>Clears the value of the text-input-element identified by ``locator``.</doc>
<status status="PASS" starttime="20221111 21:38:25.871" endtime="20221111 21:38:25.921"/>
</kw>
<kw name="Sleep" library="BuiltIn">
<arg>5</arg>
<doc>Pauses the test executed for the given time.</doc>
<msg timestamp="20221111 21:38:30.924" level="INFO">Slept 5 seconds</msg>
<status status="PASS" starttime="20221111 21:38:25.921" endtime="20221111 21:38:30.924"/>
</kw>
<status status="PASS" starttime="20221111 21:38:09.561" endtime="20221111 21:38:30.924"/>
</test>
<status status="PASS" starttime="20221111 21:38:09.003" endtime="20221111 21:38:30.925"/>
</suite>
<status status="PASS" starttime="20221111 21:38:08.965" endtime="20221111 21:38:30.927"/>
</suite>
<statistics>
<total>
<stat pass="1" fail="0" skip="0">All Tests</stat>
</total>
<tag>
</tag>
<suite>
<stat pass="1" fail="0" skip="0" id="s1" name="Suites">Suites</stat>
<stat pass="1" fail="0" skip="0" id="s1-s1" name="Inputbox">Suites.Inputbox</stat>
</suite>
</statistics>
<errors>
</errors>
</robot>
