<?xml version="1.0" encoding="UTF-8"?>
<robot generator="Robot 6.0.1 (Python 3.11.0 on win32)" generated="20221111 21:35:31.002" rpa="false" schemaversion="3">
<suite id="s1" name="Suites">
<suite id="s1-s1" name="Alerts" source="C:\Users\Administrator\PycharmProjects\pythonProject\Testcases\Alerts.robot">
<test id="s1-s1-t1" name="HandlingAlerts" line="5">
<kw name="Open Browser" library="SeleniumLibrary">
<arg>https://testautomationpractice.blogspot.com/</arg>
<arg>Chrome</arg>
<doc>Opens a new browser instance to the optional ``url``.</doc>
<msg timestamp="20221111 21:35:31.550" level="INFO">Opening browser 'Chrome' to base url 'https://testautomationpractice.blogspot.com/'.</msg>
<status status="PASS" starttime="20221111 21:35:31.550" endtime="20221111 21:35:44.986"/>
</kw>
<kw name="Maximize Browser Window" library="SeleniumLibrary">
<doc>Maximizes current browser window.</doc>
<status status="PASS" starttime="20221111 21:35:44.987" endtime="20221111 21:35:45.675"/>
</kw>
<kw name="Click Button" library="SeleniumLibrary">
<arg>//button[text()="Click Me"]</arg>
<doc>Clicks the button identified by ``locator``.</doc>
<msg timestamp="20221111 21:35:45.679" level="INFO">Clicking button '//button[text()="Click Me"]'.</msg>
<status status="PASS" starttime="20221111 21:35:45.676" endtime="20221111 21:35:46.013"/>
</kw>
<kw name="Sleep" library="BuiltIn">
<arg>3</arg>
<doc>Pauses the test executed for the given time.</doc>
<msg timestamp="20221111 21:35:49.017" level="INFO">Slept 3 seconds</msg>
<status status="PASS" starttime="20221111 21:35:46.014" endtime="20221111 21:35:49.017"/>
</kw>
<kw name="Alert Should Not Be Present" library="SeleniumLibrary">
<arg>Press a button!</arg>
<doc>Verifies that no alert is present.</doc>
<msg timestamp="20221111 21:35:49.227" level="WARN">Keyword 'Capture Page Screenshot' could not be run on failure: Alert Text: Press a button!
Message: unexpected alert open: {Alert text : Press a button!}
  (Session info: chrome=107.0.5304.107)
Stacktrace:
Backtrace:
	Ordinal0 [0x00A3ACD3+2075859]
	Ordinal0 [0x009CEE61+1633889]
	Ordinal0 [0x008CB7BD+571325]
	Ordinal0 [0x0092B3B5+963509]
	Ordinal0 [0x00917136+880950]
	Ordinal0 [0x008EFEFD+720637]
	Ordinal0 [0x008F0F3F+724799]
	GetHandleVerifier [0x00CEEED2+2769538]
	GetHandleVerifier [0x00CE0D95+2711877]
	GetHandleVerifier [0x00ACA03A+521194]
	GetHandleVerifier [0x00AC8DA0+516432]
	Ordinal0 [0x009D682C+1665068]
	Ordinal0 [0x009DB128+1683752]
	Ordinal0 [0x009DB215+1683989]
	Ordinal0 [0x009E6484+1729668]
	BaseThreadInitThunk [0x767CFA29+25]
	RtlGetAppContainerNamedObjectPath [0x77977A9E+286]
	RtlGetAppContainerNamedObjectPath [0x77977A6E+238]
</msg>
<msg timestamp="20221111 21:35:49.228" level="FAIL">ValueError: Invalid alert action 'PRESS A BUTTON!'.</msg>
<status status="FAIL" starttime="20221111 21:35:49.018" endtime="20221111 21:35:49.616"/>
</kw>
<status status="FAIL" starttime="20221111 21:35:31.550" endtime="20221111 21:35:49.619">ValueError: Invalid alert action 'PRESS A BUTTON!'.</status>
</test>
<status status="FAIL" starttime="20221111 21:35:31.064" endtime="20221111 21:35:49.622"/>
</suite>
<status status="FAIL" starttime="20221111 21:35:31.033" endtime="20221111 21:35:49.625"/>
</suite>
<statistics>
<total>
<stat pass="0" fail="1" skip="0">All Tests</stat>
</total>
<tag>
</tag>
<suite>
<stat pass="0" fail="1" skip="0" id="s1" name="Suites">Suites</stat>
<stat pass="0" fail="1" skip="0" id="s1-s1" name="Alerts">Suites.Alerts</stat>
</suite>
</statistics>
<errors>
<msg timestamp="20221111 21:35:49.227" level="WARN">Keyword 'Capture Page Screenshot' could not be run on failure: Alert Text: Press a button!
Message: unexpected alert open: {Alert text : Press a button!}
  (Session info: chrome=107.0.5304.107)
Stacktrace:
Backtrace:
	Ordinal0 [0x00A3ACD3+2075859]
	Ordinal0 [0x009CEE61+1633889]
	Ordinal0 [0x008CB7BD+571325]
	Ordinal0 [0x0092B3B5+963509]
	Ordinal0 [0x00917136+880950]
	Ordinal0 [0x008EFEFD+720637]
	Ordinal0 [0x008F0F3F+724799]
	GetHandleVerifier [0x00CEEED2+2769538]
	GetHandleVerifier [0x00CE0D95+2711877]
	GetHandleVerifier [0x00ACA03A+521194]
	GetHandleVerifier [0x00AC8DA0+516432]
	Ordinal0 [0x009D682C+1665068]
	Ordinal0 [0x009DB128+1683752]
	Ordinal0 [0x009DB215+1683989]
	Ordinal0 [0x009E6484+1729668]
	BaseThreadInitThunk [0x767CFA29+25]
	RtlGetAppContainerNamedObjectPath [0x77977A9E+286]
	RtlGetAppContainerNamedObjectPath [0x77977A6E+238]
</msg>
</errors>
</robot>
